{"/Users/kentwang/Desktop/code/hack-reactor/pictures-service/client/src/components/HomePage.jsx": {"path":"/Users/kentwang/Desktop/code/hack-reactor/pictures-service/client/src/components/HomePage.jsx","statementMap":{"0":{"start":{"line":12,"column":4},"end":{"line":12,"column":17}},"1":{"start":{"line":13,"column":4},"end":{"line":17,"column":6}},"2":{"start":{"line":19,"column":4},"end":{"line":19,"column":45}},"3":{"start":{"line":20,"column":4},"end":{"line":20,"column":67}},"4":{"start":{"line":21,"column":4},"end":{"line":21,"column":67}},"5":{"start":{"line":25,"column":17},"end":{"line":25,"column":51}},"6":{"start":{"line":26,"column":20},"end":{"line":26,"column":37}},"7":{"start":{"line":27,"column":4},"end":{"line":31,"column":5}},"8":{"start":{"line":28,"column":6},"end":{"line":28,"column":39}},"9":{"start":{"line":30,"column":6},"end":{"line":30,"column":23}},"10":{"start":{"line":35,"column":4},"end":{"line":43,"column":9}},"11":{"start":{"line":38,"column":8},"end":{"line":38,"column":39}},"12":{"start":{"line":39,"column":8},"end":{"line":39,"column":60}},"13":{"start":{"line":42,"column":8},"end":{"line":42,"column":15}},"14":{"start":{"line":47,"column":4},"end":{"line":56,"column":9}},"15":{"start":{"line":50,"column":8},"end":{"line":50,"column":39}},"16":{"start":{"line":51,"column":8},"end":{"line":51,"column":62}},"17":{"start":{"line":54,"column":8},"end":{"line":54,"column":43}},"18":{"start":{"line":55,"column":8},"end":{"line":55,"column":15}},"19":{"start":{"line":60,"column":4},"end":{"line":62,"column":7}},"20":{"start":{"line":61,"column":6},"end":{"line":61,"column":47}},"21":{"start":{"line":67,"column":4},"end":{"line":69,"column":7}},"22":{"start":{"line":68,"column":6},"end":{"line":68,"column":47}},"23":{"start":{"line":73,"column":4},"end":{"line":93,"column":6}}},"fnMap":{"0":{"name":"(anonymous_0)","decl":{"start":{"line":11,"column":2},"end":{"line":11,"column":3}},"loc":{"start":{"line":11,"column":21},"end":{"line":22,"column":3}},"line":11},"1":{"name":"(anonymous_1)","decl":{"start":{"line":24,"column":2},"end":{"line":24,"column":3}},"loc":{"start":{"line":24,"column":22},"end":{"line":32,"column":3}},"line":24},"2":{"name":"(anonymous_2)","decl":{"start":{"line":34,"column":2},"end":{"line":34,"column":3}},"loc":{"start":{"line":34,"column":15},"end":{"line":44,"column":3}},"line":34},"3":{"name":"(anonymous_3)","decl":{"start":{"line":35,"column":27},"end":{"line":35,"column":28}},"loc":{"start":{"line":35,"column":43},"end":{"line":36,"column":5}},"line":35},"4":{"name":"(anonymous_4)","decl":{"start":{"line":37,"column":12},"end":{"line":37,"column":13}},"loc":{"start":{"line":37,"column":22},"end":{"line":40,"column":7}},"line":37},"5":{"name":"(anonymous_5)","decl":{"start":{"line":41,"column":12},"end":{"line":41,"column":13}},"loc":{"start":{"line":41,"column":23},"end":{"line":43,"column":7}},"line":41},"6":{"name":"(anonymous_6)","decl":{"start":{"line":46,"column":2},"end":{"line":46,"column":3}},"loc":{"start":{"line":46,"column":22},"end":{"line":57,"column":3}},"line":46},"7":{"name":"(anonymous_7)","decl":{"start":{"line":47,"column":29},"end":{"line":47,"column":30}},"loc":{"start":{"line":47,"column":45},"end":{"line":48,"column":5}},"line":47},"8":{"name":"(anonymous_8)","decl":{"start":{"line":49,"column":12},"end":{"line":49,"column":13}},"loc":{"start":{"line":49,"column":22},"end":{"line":52,"column":7}},"line":49},"9":{"name":"(anonymous_9)","decl":{"start":{"line":53,"column":12},"end":{"line":53,"column":13}},"loc":{"start":{"line":53,"column":23},"end":{"line":56,"column":7}},"line":53},"10":{"name":"(anonymous_10)","decl":{"start":{"line":59,"column":2},"end":{"line":59,"column":3}},"loc":{"start":{"line":59,"column":24},"end":{"line":63,"column":3}},"line":59},"11":{"name":"(anonymous_11)","decl":{"start":{"line":60,"column":18},"end":{"line":60,"column":19}},"loc":{"start":{"line":60,"column":33},"end":{"line":62,"column":5}},"line":60},"12":{"name":"(anonymous_12)","decl":{"start":{"line":66,"column":2},"end":{"line":66,"column":3}},"loc":{"start":{"line":66,"column":24},"end":{"line":70,"column":3}},"line":66},"13":{"name":"(anonymous_13)","decl":{"start":{"line":67,"column":18},"end":{"line":67,"column":19}},"loc":{"start":{"line":67,"column":33},"end":{"line":69,"column":5}},"line":67},"14":{"name":"(anonymous_14)","decl":{"start":{"line":72,"column":2},"end":{"line":72,"column":3}},"loc":{"start":{"line":72,"column":11},"end":{"line":94,"column":3}},"line":72}},"branchMap":{"0":{"loc":{"start":{"line":27,"column":4},"end":{"line":31,"column":5}},"type":"if","locations":[{"start":{"line":27,"column":4},"end":{"line":31,"column":5}},{"start":{"line":27,"column":4},"end":{"line":31,"column":5}}],"line":27},"1":{"loc":{"start":{"line":76,"column":9},"end":{"line":80,"column":45}},"type":"binary-expr","locations":[{"start":{"line":76,"column":9},"end":{"line":76,"column":31}},{"start":{"line":77,"column":10},"end":{"line":80,"column":45}}],"line":76},"2":{"loc":{"start":{"line":82,"column":9},"end":{"line":88,"column":16}},"type":"cond-expr","locations":[{"start":{"line":83,"column":10},"end":{"line":87,"column":60}},{"start":{"line":88,"column":12},"end":{"line":88,"column":16}}],"line":82},"3":{"loc":{"start":{"line":82,"column":9},"end":{"line":82,"column":54}},"type":"binary-expr","locations":[{"start":{"line":82,"column":9},"end":{"line":82,"column":31}},{"start":{"line":82,"column":35},"end":{"line":82,"column":54}}],"line":82},"4":{"loc":{"start":{"line":89,"column":9},"end":{"line":91,"column":16}},"type":"cond-expr","locations":[{"start":{"line":90,"column":10},"end":{"line":90,"column":54}},{"start":{"line":91,"column":12},"end":{"line":91,"column":16}}],"line":89},"5":{"loc":{"start":{"line":89,"column":9},"end":{"line":89,"column":77}},"type":"binary-expr","locations":[{"start":{"line":89,"column":9},"end":{"line":89,"column":31}},{"start":{"line":89,"column":35},"end":{"line":89,"column":54}},{"start":{"line":89,"column":58},"end":{"line":89,"column":77}}],"line":89}},"s":{"0":3,"1":3,"2":3,"3":3,"4":3,"5":3,"6":3,"7":3,"8":0,"9":3,"10":3,"11":0,"12":0,"13":3,"14":0,"15":0,"16":0,"17":0,"18":0,"19":2,"20":2,"21":2,"22":2,"23":13},"f":{"0":3,"1":3,"2":3,"3":0,"4":0,"5":3,"6":0,"7":0,"8":0,"9":0,"10":2,"11":2,"12":2,"13":2,"14":13},"b":{"0":[0,3],"1":[13,0],"2":[0,13],"3":[13,0],"4":[0,13],"5":[13,0,0]},"_coverageSchema":"332fd63041d2c1bcb487cc26dd0d5f7d97098a6c","hash":"a64c2d40f30bce202abd2b58c9b81f4d78bd99a2"}
,"/Users/kentwang/Desktop/code/hack-reactor/pictures-service/client/src/components/Introduction.jsx": {"path":"/Users/kentwang/Desktop/code/hack-reactor/pictures-service/client/src/components/Introduction.jsx","statementMap":{"0":{"start":{"line":5,"column":19},"end":{"line":24,"column":1}},"1":{"start":{"line":6,"column":17},"end":{"line":6,"column":19}},"2":{"start":{"line":7,"column":2},"end":{"line":9,"column":3}},"3":{"start":{"line":8,"column":4},"end":{"line":8,"column":52}},"4":{"start":{"line":11,"column":2},"end":{"line":23,"column":4}}},"fnMap":{"0":{"name":"(anonymous_0)","decl":{"start":{"line":5,"column":19},"end":{"line":5,"column":20}},"loc":{"start":{"line":5,"column":30},"end":{"line":24,"column":1}},"line":5}},"branchMap":{"0":{"loc":{"start":{"line":7,"column":2},"end":{"line":9,"column":3}},"type":"if","locations":[{"start":{"line":7,"column":2},"end":{"line":9,"column":3}},{"start":{"line":7,"column":2},"end":{"line":9,"column":3}}],"line":7}},"s":{"0":1,"1":1,"2":1,"3":0,"4":1},"f":{"0":1},"b":{"0":[0,1]},"_coverageSchema":"332fd63041d2c1bcb487cc26dd0d5f7d97098a6c","hash":"e3d596a4d63e39092526a973504295c6e730770b"}
,"/Users/kentwang/Desktop/code/hack-reactor/pictures-service/client/src/components/ListView.jsx": {"path":"/Users/kentwang/Desktop/code/hack-reactor/pictures-service/client/src/components/ListView.jsx","statementMap":{"0":{"start":{"line":4,"column":15},"end":{"line":22,"column":1}},"1":{"start":{"line":5,"column":2},"end":{"line":21,"column":4}}},"fnMap":{"0":{"name":"(anonymous_0)","decl":{"start":{"line":4,"column":15},"end":{"line":4,"column":16}},"loc":{"start":{"line":4,"column":26},"end":{"line":22,"column":1}},"line":4}},"branchMap":{},"s":{"0":1,"1":0},"f":{"0":0},"b":{},"_coverageSchema":"332fd63041d2c1bcb487cc26dd0d5f7d97098a6c","hash":"73eddc2556dd5620dbe74cb8e03f7816278fd899"}
,"/Users/kentwang/Desktop/code/hack-reactor/pictures-service/client/src/components/Picture.jsx": {"path":"/Users/kentwang/Desktop/code/hack-reactor/pictures-service/client/src/components/Picture.jsx","statementMap":{"0":{"start":{"line":8,"column":14},"end":{"line":15,"column":1}},"1":{"start":{"line":9,"column":2},"end":{"line":14,"column":8}}},"fnMap":{"0":{"name":"(anonymous_0)","decl":{"start":{"line":8,"column":14},"end":{"line":8,"column":15}},"loc":{"start":{"line":9,"column":2},"end":{"line":14,"column":8}},"line":9}},"branchMap":{},"s":{"0":1,"1":0},"f":{"0":0},"b":{},"_coverageSchema":"332fd63041d2c1bcb487cc26dd0d5f7d97098a6c","hash":"74b4c37da437231b46dca8d7833684784d10a1e6"}
,"/Users/kentwang/Desktop/code/hack-reactor/pictures-service/client/src/components/Save.jsx": {"path":"/Users/kentwang/Desktop/code/hack-reactor/pictures-service/client/src/components/Save.jsx","statementMap":{"0":{"start":{"line":4,"column":11},"end":{"line":18,"column":1}},"1":{"start":{"line":5,"column":21},"end":{"line":5,"column":1309}},"2":{"start":{"line":6,"column":22},"end":{"line":6,"column":882}},"3":{"start":{"line":7,"column":21},"end":{"line":7,"column":23}},"4":{"start":{"line":9,"column":2},"end":{"line":13,"column":3}},"5":{"start":{"line":10,"column":4},"end":{"line":10,"column":31}},"6":{"start":{"line":12,"column":4},"end":{"line":12,"column":30}},"7":{"start":{"line":15,"column":2},"end":{"line":17,"column":4}}},"fnMap":{"0":{"name":"(anonymous_0)","decl":{"start":{"line":4,"column":11},"end":{"line":4,"column":12}},"loc":{"start":{"line":4,"column":22},"end":{"line":18,"column":1}},"line":4}},"branchMap":{"0":{"loc":{"start":{"line":9,"column":2},"end":{"line":13,"column":3}},"type":"if","locations":[{"start":{"line":9,"column":2},"end":{"line":13,"column":3}},{"start":{"line":9,"column":2},"end":{"line":13,"column":3}}],"line":9}},"s":{"0":1,"1":0,"2":0,"3":0,"4":0,"5":0,"6":0,"7":0},"f":{"0":0},"b":{"0":[0,0]},"_coverageSchema":"332fd63041d2c1bcb487cc26dd0d5f7d97098a6c","hash":"4ea760137a9efaf7db3aaece9fc1cd8c7e4f7826"}
,"/Users/kentwang/Desktop/code/hack-reactor/pictures-service/client/src/components/Share.jsx": {"path":"/Users/kentwang/Desktop/code/hack-reactor/pictures-service/client/src/components/Share.jsx","statementMap":{"0":{"start":{"line":4,"column":12},"end":{"line":9,"column":1}},"1":{"start":{"line":5,"column":21},"end":{"line":5,"column":1141}},"2":{"start":{"line":6,"column":2},"end":{"line":8,"column":4}}},"fnMap":{"0":{"name":"(anonymous_0)","decl":{"start":{"line":4,"column":12},"end":{"line":4,"column":13}},"loc":{"start":{"line":4,"column":23},"end":{"line":9,"column":1}},"line":4}},"branchMap":{},"s":{"0":1,"1":0,"2":0},"f":{"0":0},"b":{},"_coverageSchema":"332fd63041d2c1bcb487cc26dd0d5f7d97098a6c","hash":"4c6237047976acb9b2c004c788b5689505c880ae"}
,"/Users/kentwang/Desktop/code/hack-reactor/pictures-service/client/src/components/Tour.jsx": {"path":"/Users/kentwang/Desktop/code/hack-reactor/pictures-service/client/src/components/Tour.jsx","statementMap":{"0":{"start":{"line":4,"column":11},"end":{"line":11,"column":1}},"1":{"start":{"line":5,"column":2},"end":{"line":5,"column":47}},"2":{"start":{"line":6,"column":2},"end":{"line":10,"column":4}},"3":{"start":{"line":8,"column":35},"end":{"line":8,"column":62}}},"fnMap":{"0":{"name":"(anonymous_0)","decl":{"start":{"line":4,"column":11},"end":{"line":4,"column":12}},"loc":{"start":{"line":4,"column":22},"end":{"line":11,"column":1}},"line":4},"1":{"name":"(anonymous_1)","decl":{"start":{"line":8,"column":29},"end":{"line":8,"column":30}},"loc":{"start":{"line":8,"column":35},"end":{"line":8,"column":62}},"line":8}},"branchMap":{},"s":{"0":1,"1":1,"2":1,"3":2},"f":{"0":1,"1":2},"b":{},"_coverageSchema":"332fd63041d2c1bcb487cc26dd0d5f7d97098a6c","hash":"caadd6f8c0269a88ce2f390d2084418e8bb7329c"}
,"/Users/kentwang/Desktop/code/hack-reactor/pictures-service/client/src/components/TourPage.jsx": {"path":"/Users/kentwang/Desktop/code/hack-reactor/pictures-service/client/src/components/TourPage.jsx","statementMap":{"0":{"start":{"line":4,"column":15},"end":{"line":49,"column":1}},"1":{"start":{"line":6,"column":21},"end":{"line":6,"column":777}},"2":{"start":{"line":7,"column":15},"end":{"line":7,"column":31}},"3":{"start":{"line":8,"column":16},"end":{"line":8,"column":32}},"4":{"start":{"line":9,"column":20},"end":{"line":9,"column":71}},"5":{"start":{"line":10,"column":21},"end":{"line":10,"column":70}},"6":{"start":{"line":14,"column":2},"end":{"line":20,"column":3}},"7":{"start":{"line":15,"column":4},"end":{"line":15,"column":20}},"8":{"start":{"line":16,"column":4},"end":{"line":16,"column":26}},"9":{"start":{"line":18,"column":4},"end":{"line":18,"column":19}},"10":{"start":{"line":19,"column":4},"end":{"line":19,"column":25}},"11":{"start":{"line":22,"column":2},"end":{"line":48,"column":4}},"12":{"start":{"line":26,"column":63},"end":{"line":26,"column":90}},"13":{"start":{"line":27,"column":63},"end":{"line":27,"column":90}}},"fnMap":{"0":{"name":"(anonymous_0)","decl":{"start":{"line":4,"column":15},"end":{"line":4,"column":16}},"loc":{"start":{"line":4,"column":26},"end":{"line":49,"column":1}},"line":4},"1":{"name":"(anonymous_1)","decl":{"start":{"line":26,"column":57},"end":{"line":26,"column":58}},"loc":{"start":{"line":26,"column":63},"end":{"line":26,"column":90}},"line":26},"2":{"name":"(anonymous_2)","decl":{"start":{"line":27,"column":57},"end":{"line":27,"column":58}},"loc":{"start":{"line":27,"column":63},"end":{"line":27,"column":90}},"line":27}},"branchMap":{"0":{"loc":{"start":{"line":14,"column":2},"end":{"line":20,"column":3}},"type":"if","locations":[{"start":{"line":14,"column":2},"end":{"line":20,"column":3}},{"start":{"line":14,"column":2},"end":{"line":20,"column":3}}],"line":14}},"s":{"0":1,"1":1,"2":1,"3":1,"4":1,"5":1,"6":1,"7":0,"8":0,"9":1,"10":1,"11":1,"12":2,"13":2},"f":{"0":1,"1":2,"2":2},"b":{"0":[0,1]},"_coverageSchema":"332fd63041d2c1bcb487cc26dd0d5f7d97098a6c","hash":"6d665b3aac57b88c2303a1712d73a7399690eac9"}
,"/Users/kentwang/Desktop/code/hack-reactor/pictures-service/test/testSetUp.js": {"path":"/Users/kentwang/Desktop/code/hack-reactor/pictures-service/test/testSetUp.js","statementMap":{"0":{"start":{"line":6,"column":0},"end":{"line":6,"column":38}}},"fnMap":{},"branchMap":{},"s":{"0":1},"f":{},"b":{},"_coverageSchema":"332fd63041d2c1bcb487cc26dd0d5f7d97098a6c","hash":"ce8f0ecfbf5aa786e5c73bb69c6e3dd127b1b5ca"}
}
