TN:
SF:/Users/kentwang/Desktop/code/hack-reactor/pictures-service/client/src/components/HomePage.jsx
FN:11,(anonymous_0)
FN:24,(anonymous_1)
FN:34,(anonymous_2)
FN:35,(anonymous_3)
FN:37,(anonymous_4)
FN:41,(anonymous_5)
FN:46,(anonymous_6)
FN:47,(anonymous_7)
FN:49,(anonymous_8)
FN:53,(anonymous_9)
FN:59,(anonymous_10)
FN:60,(anonymous_11)
FN:66,(anonymous_12)
FN:67,(anonymous_13)
FN:72,(anonymous_14)
FNF:15
FNH:9
FNDA:3,(anonymous_0)
FNDA:3,(anonymous_1)
FNDA:3,(anonymous_2)
FNDA:0,(anonymous_3)
FNDA:0,(anonymous_4)
FNDA:3,(anonymous_5)
FNDA:0,(anonymous_6)
FNDA:0,(anonymous_7)
FNDA:0,(anonymous_8)
FNDA:0,(anonymous_9)
FNDA:2,(anonymous_10)
FNDA:2,(anonymous_11)
FNDA:2,(anonymous_12)
FNDA:2,(anonymous_13)
FNDA:13,(anonymous_14)
DA:12,3
DA:13,3
DA:19,3
DA:20,3
DA:21,3
DA:25,3
DA:26,3
DA:27,3
DA:28,0
DA:30,3
DA:35,3
DA:38,0
DA:39,0
DA:42,3
DA:47,0
DA:50,0
DA:51,0
DA:54,0
DA:55,0
DA:60,2
DA:61,2
DA:67,2
DA:68,2
DA:73,13
LF:24
LH:16
BRDA:27,0,0,0
BRDA:27,0,1,3
BRDA:76,1,0,13
BRDA:76,1,1,0
BRDA:82,2,0,0
BRDA:82,2,1,13
BRDA:82,3,0,13
BRDA:82,3,1,0
BRDA:89,4,0,0
BRDA:89,4,1,13
BRDA:89,5,0,13
BRDA:89,5,1,0
BRDA:89,5,2,0
BRF:13
BRH:6
end_of_record
TN:
SF:/Users/kentwang/Desktop/code/hack-reactor/pictures-service/client/src/components/Introduction.jsx
FN:5,(anonymous_0)
FNF:1
FNH:1
FNDA:1,(anonymous_0)
DA:5,1
DA:6,1
DA:7,1
DA:8,0
DA:11,1
LF:5
LH:4
BRDA:7,0,0,0
BRDA:7,0,1,1
BRF:2
BRH:1
end_of_record
TN:
SF:/Users/kentwang/Desktop/code/hack-reactor/pictures-service/client/src/components/ListView.jsx
FN:4,(anonymous_0)
FNF:1
FNH:0
FNDA:0,(anonymous_0)
DA:4,1
DA:5,0
LF:2
LH:1
BRF:0
BRH:0
end_of_record
TN:
SF:/Users/kentwang/Desktop/code/hack-reactor/pictures-service/client/src/components/Picture.jsx
FN:8,(anonymous_0)
FNF:1
FNH:0
FNDA:0,(anonymous_0)
DA:8,1
DA:9,0
LF:2
LH:1
BRF:0
BRH:0
end_of_record
TN:
SF:/Users/kentwang/Desktop/code/hack-reactor/pictures-service/client/src/components/Save.jsx
FN:4,(anonymous_0)
FNF:1
FNH:0
FNDA:0,(anonymous_0)
DA:4,1
DA:5,0
DA:6,0
DA:7,0
DA:9,0
DA:10,0
DA:12,0
DA:15,0
LF:8
LH:1
BRDA:9,0,0,0
BRDA:9,0,1,0
BRF:2
BRH:0
end_of_record
TN:
SF:/Users/kentwang/Desktop/code/hack-reactor/pictures-service/client/src/components/Share.jsx
FN:4,(anonymous_0)
FNF:1
FNH:0
FNDA:0,(anonymous_0)
DA:4,1
DA:5,0
DA:6,0
LF:3
LH:1
BRF:0
BRH:0
end_of_record
TN:
SF:/Users/kentwang/Desktop/code/hack-reactor/pictures-service/client/src/components/Tour.jsx
FN:4,(anonymous_0)
FN:8,(anonymous_1)
FNF:2
FNH:2
FNDA:1,(anonymous_0)
FNDA:2,(anonymous_1)
DA:4,1
DA:5,1
DA:6,1
DA:8,2
LF:4
LH:4
BRF:0
BRH:0
end_of_record
TN:
SF:/Users/kentwang/Desktop/code/hack-reactor/pictures-service/client/src/components/TourPage.jsx
FN:4,(anonymous_0)
FN:26,(anonymous_1)
FN:27,(anonymous_2)
FNF:3
FNH:3
FNDA:1,(anonymous_0)
FNDA:2,(anonymous_1)
FNDA:2,(anonymous_2)
DA:4,1
DA:6,1
DA:7,1
DA:8,1
DA:9,1
DA:10,1
DA:14,1
DA:15,0
DA:16,0
DA:18,1
DA:19,1
DA:22,1
DA:26,2
DA:27,2
LF:14
LH:12
BRDA:14,0,0,0
BRDA:14,0,1,1
BRF:2
BRH:1
end_of_record
TN:
SF:/Users/kentwang/Desktop/code/hack-reactor/pictures-service/test/testSetUp.js
FNF:0
FNH:0
DA:6,1
LF:1
LH:1
BRF:0
BRH:0
end_of_record
